[08/06/2025 00:25:04] Já está logado, não precisa fazer login.
[08/06/2025 00:25:04] Redirecionando para o lobby...
[08/06/2025 00:25:05] Selecionando o gameworld: International 8
[08/06/2025 00:25:05] [DEBUG] .yourGameworlds encontrado
[08/06/2025 00:25:05] [DEBUG] Mundos encontrados: 2
[08/06/2025 00:25:05] [DEBUG] Mundo: AMERICA 3
[08/06/2025 00:25:05] [DEBUG] Mundo: INTERNATIONAL 8
[08/06/2025 00:25:08] Entrou no gameworld: International 8
[08/06/2025 00:25:08] Verificando recursos...
[08/06/2025 00:25:08] Campo de recurso clicado: False
[08/06/2025 00:25:08] Nenhum campo de recurso disponível para upgrade.
[08/06/2025 00:25:23] Verificando construções...
[08/06/2025 00:25:24] Espaço de construção clicado: True
[08/06/2025 00:25:25] Botão de upgrade de construção clicado!
[08/06/2025 21:31:06] Já está logado, não precisa fazer login.
[08/06/2025 21:31:06] Redirecionando para o lobby...
[08/06/2025 21:31:08] Selecionando o gameworld: International 8
[08/06/2025 21:31:08] [DEBUG] .yourGameworlds encontrado
[08/06/2025 21:31:08] [DEBUG] Mundos encontrados: 2
[08/06/2025 21:31:08] [DEBUG] Mundo: AMERICA 3
[08/06/2025 21:31:08] [DEBUG] Mundo: INTERNATIONAL 8
[08/06/2025 21:31:11] Entrou no gameworld: International 8
[08/06/2025 21:31:11] Verificando recursos...
[08/06/2025 21:31:12] Campo de recurso clicado: True
[08/06/2025 21:31:13] [TESTE] Botão de upgrade de recurso seria clicado agora!
[12/06/2025 03:31:08] Logged in
[12/06/2025 03:31:08] Selecionando o gameworld: International 8
[12/06/2025 03:31:09] [DEBUG] .yourGameworlds encontrado
[12/06/2025 03:31:09] [DEBUG] Mundos encontrados: 2
[12/06/2025 03:31:09] [DEBUG] Mundo: AMERICA 3
[12/06/2025 03:31:09] [DEBUG] Mundo: INTERNATIONAL 8
[12/06/2025 03:31:13] Entrou no gameworld: International 8
[12/06/2025 03:31:13] Verificando recursos...
[12/06/2025 03:31:14] Campo de recurso clicado: False
[12/06/2025 03:31:14] Nenhum campo de recurso disponível para upgrade.
[12/06/2025 03:31:27] Verificando construções...
[12/06/2025 03:31:28] Espaço de construção clicado: False
[12/06/2025 03:31:28] Nenhum espaço de construção disponível para upgrade.
[12/06/2025 03:32:04] Já está logado, não precisa fazer login.
[12/06/2025 03:32:04] Redirecionando para o lobby...
